<?xml version="1.0" encoding="UTF-8"?>
<!-- Generated by org.testng.reporters.JUnitReportReporter -->
<testsuite skipped="0" hostname="welcome-PC" name="example.Test1" tests="3" failures="0" timestamp="07 Feb 2019 05:43:08 GMT" time="5.342" errors="0">
  <testcase name="logout" time="0.010" classname="example.Test1"/>
  <testcase name="login" time="2.749" classname="example.Test1"/>
  <testcase name="search" time="2.583" classname="example.Test1"/>
</testsuite> <!-- example.Test1 -->
